17:27:44.305637 IP (tos 0x0, ttl 64, id 54829, offset 0, flags [none], proto UDP (17), length 157)
    127.0.0.1.58621 > 127.0.0.1.1812: RADIUS, length: 129
	Access-Request (1), id: 0x00, Authenticator: e22c722e1e2e40ea724948d0154fa418
	  User-Name Attribute (1), length: 8, Value: sanjay
	  NAS-IP-Address Attribute (4), length: 6, Value: 127.0.0.1
	  Calling-Station-Id Attribute (31), length: 19, Value: 02-00-00-00-00-01
	  Framed-MTU Attribute (12), length: 6, Value: 1400
	  NAS-Port-Type Attribute (61), length: 6, Value: Wireless - IEEE 802.11
	  Service-Type Attribute (6), length: 6, Value: Framed
	  Connect-Info Attribute (77), length: 24, Value: CONNECT 11Mbps 802.11b
	  Called-Station-Id Attribute (30), length: 3, Value: 
	  EAP-Message Attribute (79), length: 13, Value: Response (2), id 59, len 11
		 Type Identity (1), Identity: sanjay
	  Message-Authenticator Attribute (80), length: 18, Value: ................
17:27:44.306039 IP (tos 0x0, ttl 64, id 25994, offset 0, flags [none], proto UDP (17), length 108)
    127.0.0.1.1812 > 127.0.0.1.58621: RADIUS, length: 80
	Access-Challenge (11), id: 0x00, Authenticator: d3573b46841f9e526f0fd820c8d46c5c
	  EAP-Message Attribute (79), length: 24, Value: Request (1), id 60, len 22
		 Type MD5-challenge (4)
	  Message-Authenticator Attribute (80), length: 18, Value: ~C.......^.R....
	  State Attribute (24), length: 18, Value: .m.M.Q..<....!..
17:27:44.306270 IP (tos 0x0, ttl 64, id 54830, offset 0, flags [none], proto UDP (17), length 170)
    127.0.0.1.58621 > 127.0.0.1.1812: RADIUS, length: 142
	Access-Request (1), id: 0x01, Authenticator: 5819da39064367995316fa9fa97c8752
	  User-Name Attribute (1), length: 8, Value: sanjay
	  NAS-IP-Address Attribute (4), length: 6, Value: 127.0.0.1
	  Calling-Station-Id Attribute (31), length: 19, Value: 02-00-00-00-00-01
	  Framed-MTU Attribute (12), length: 6, Value: 1400
	  NAS-Port-Type Attribute (61), length: 6, Value: Wireless - IEEE 802.11
	  Service-Type Attribute (6), length: 6, Value: Framed
	  Connect-Info Attribute (77), length: 24, Value: CONNECT 11Mbps 802.11b
	  Called-Station-Id Attribute (30), length: 3, Value: 
	  EAP-Message Attribute (79), length: 8, Value: Response (2), id 60, len 6
		 Type Nak (3) unknown (25),
	  State Attribute (24), length: 18, Value: .m.M.Q..<....!..
	  Message-Authenticator Attribute (80), length: 18, Value: ]..BI..].....8..
17:27:44.306403 IP (tos 0x0, ttl 64, id 25995, offset 0, flags [none], proto UDP (17), length 92)
    127.0.0.1.1812 > 127.0.0.1.58621: RADIUS, length: 64
	Access-Challenge (11), id: 0x01, Authenticator: cfc23d301a14b81f0ab10bc8f28039af
	  EAP-Message Attribute (79), length: 8, Value: Request (1), id 61, len 6
		 Type unknown (25)
	  Message-Authenticator Attribute (80), length: 18, Value: .`.d..Tr@8......
	  State Attribute (24), length: 18, Value: .m.M.P..<....!..
17:27:44.306784 IP (tos 0x0, ttl 64, id 54831, offset 0, flags [none], proto UDP (17), length 358)
    127.0.0.1.58621 > 127.0.0.1.1812: RADIUS, length: 330
	Access-Request (1), id: 0x02, Authenticator: 6f22267816945d9ae9db42db7f1df101
	  User-Name Attribute (1), length: 8, Value: sanjay
	  NAS-IP-Address Attribute (4), length: 6, Value: 127.0.0.1
	  Calling-Station-Id Attribute (31), length: 19, Value: 02-00-00-00-00-01
	  Framed-MTU Attribute (12), length: 6, Value: 1400
	  NAS-Port-Type Attribute (61), length: 6, Value: Wireless - IEEE 802.11
	  Service-Type Attribute (6), length: 6, Value: Framed
	  Connect-Info Attribute (77), length: 24, Value: CONNECT 11Mbps 802.11b
	  Called-Station-Id Attribute (30), length: 3, Value: 
	  EAP-Message Attribute (79), length: 196, Value: Response (2), id 61, len 194
		 Type unknown (25)
	  State Attribute (24), length: 18, Value: .m.M.P..<....!..
	  Message-Authenticator Attribute (80), length: 18, Value: ....\F.qN..P..Jo
17:27:44.308115 IP (tos 0x0, ttl 64, id 25996, offset 0, flags [none], proto UDP (17), length 1096)
    127.0.0.1.1812 > 127.0.0.1.58621: RADIUS, length: 1068
	Access-Challenge (11), id: 0x02, Authenticator: 436d26e10f1010c8f537999891858af3
	  EAP-Message Attribute (79), length: 255, Value:  [|radius]
	  EAP-Message Attribute (79), length: 255, Value:  [|radius]
	  EAP-Message Attribute (79), length: 255, Value:  [|radius]
	  EAP-Message Attribute (79), length: 247, Value:  [|radius]
	  Message-Authenticator Attribute (80), length: 18, Value: .%........5h.ax.
	  State Attribute (24), length: 18, Value: .m.M.S..<....!..
17:27:44.308423 IP (tos 0x0, ttl 64, id 54832, offset 0, flags [none], proto UDP (17), length 170)
    127.0.0.1.58621 > 127.0.0.1.1812: RADIUS, length: 142
	Access-Request (1), id: 0x03, Authenticator: 22aa88c502a5e9695b832d634ae57546
	  User-Name Attribute (1), length: 8, Value: sanjay
	  NAS-IP-Address Attribute (4), length: 6, Value: 127.0.0.1
	  Calling-Station-Id Attribute (31), length: 19, Value: 02-00-00-00-00-01
	  Framed-MTU Attribute (12), length: 6, Value: 1400
	  NAS-Port-Type Attribute (61), length: 6, Value: Wireless - IEEE 802.11
	  Service-Type Attribute (6), length: 6, Value: Framed
	  Connect-Info Attribute (77), length: 24, Value: CONNECT 11Mbps 802.11b
	  Called-Station-Id Attribute (30), length: 3, Value: 
	  EAP-Message Attribute (79), length: 8, Value: Response (2), id 62, len 6
		 Type unknown (25)
	  State Attribute (24), length: 18, Value: .m.M.S..<....!..
	  Message-Authenticator Attribute (80), length: 18, Value: b.</...&.gK.|..Z
17:27:44.308601 IP (tos 0x0, ttl 64, id 25997, offset 0, flags [none], proto UDP (17), length 248)
    127.0.0.1.1812 > 127.0.0.1.58621: RADIUS, length: 220
	Access-Challenge (11), id: 0x03, Authenticator: 0cb1599a90d06a3fc9b3a9369afb1bfa
	  EAP-Message Attribute (79), length: 164, Value: Request (1), id 63, len 162
		 Type unknown (25)
	  Message-Authenticator Attribute (80), length: 18, Value: .Q...V...1.....J
	  State Attribute (24), length: 18, Value: .m.M.R..<....!..
17:27:44.311746 IP (tos 0x0, ttl 64, id 54833, offset 0, flags [none], proto UDP (17), length 267)
    127.0.0.1.58621 > 127.0.0.1.1812: RADIUS, length: 239
	Access-Request (1), id: 0x04, Authenticator: 7da9abbffd9eec647874827014c4f160
	  User-Name Attribute (1), length: 8, Value: sanjay
	  NAS-IP-Address Attribute (4), length: 6, Value: 127.0.0.1
	  Calling-Station-Id Attribute (31), length: 19, Value: 02-00-00-00-00-01
	  Framed-MTU Attribute (12), length: 6, Value: 1400
	  NAS-Port-Type Attribute (61), length: 6, Value: Wireless - IEEE 802.11
	  Service-Type Attribute (6), length: 6, Value: Framed
	  Connect-Info Attribute (77), length: 24, Value: CONNECT 11Mbps 802.11b
	  Called-Station-Id Attribute (30), length: 3, Value: 
	  EAP-Message Attribute (79), length: 105, Value: Response (2), id 63, len 103
		 Type unknown (25)
	  State Attribute (24), length: 18, Value: .m.M.R..<....!..
	  Message-Authenticator Attribute (80), length: 18, Value: `..c...r.#......
17:27:44.312363 IP (tos 0x0, ttl 64, id 25998, offset 0, flags [none], proto UDP (17), length 143)
    127.0.0.1.1812 > 127.0.0.1.58621: RADIUS, length: 115
	Access-Challenge (11), id: 0x04, Authenticator: c85c087ddff1ea040df68edb73212bc3
	  EAP-Message Attribute (79), length: 59, Value: Request (1), id 64, len 57
		 Type unknown (25)
	  Message-Authenticator Attribute (80), length: 18, Value: :*A.....d.>{.\..
	  State Attribute (24), length: 18, Value: .m.M.-..<....!..
17:27:44.312714 IP (tos 0x0, ttl 64, id 54834, offset 0, flags [none], proto UDP (17), length 170)
    127.0.0.1.58621 > 127.0.0.1.1812: RADIUS, length: 142
	Access-Request (1), id: 0x05, Authenticator: e717b6dfc9f7cb350a66570de7959dea
	  User-Name Attribute (1), length: 8, Value: sanjay
	  NAS-IP-Address Attribute (4), length: 6, Value: 127.0.0.1
	  Calling-Station-Id Attribute (31), length: 19, Value: 02-00-00-00-00-01
	  Framed-MTU Attribute (12), length: 6, Value: 1400
	  NAS-Port-Type Attribute (61), length: 6, Value: Wireless - IEEE 802.11
	  Service-Type Attribute (6), length: 6, Value: Framed
	  Connect-Info Attribute (77), length: 24, Value: CONNECT 11Mbps 802.11b
	  Called-Station-Id Attribute (30), length: 3, Value: 
	  EAP-Message Attribute (79), length: 8, Value: Response (2), id 64, len 6
		 Type unknown (25)
	  State Attribute (24), length: 18, Value: .m.M.-..<....!..
	  Message-Authenticator Attribute (80), length: 18, Value: Q..*.....X..^@FK
17:27:44.312880 IP (tos 0x0, ttl 64, id 25999, offset 0, flags [none], proto UDP (17), length 126)
    127.0.0.1.1812 > 127.0.0.1.58621: RADIUS, length: 98
	Access-Challenge (11), id: 0x05, Authenticator: 809401b7e7757676317c3029e6d3bb4b
	  EAP-Message Attribute (79), length: 42, Value: Request (1), id 65, len 40
		 Type unknown (25)
	  Message-Authenticator Attribute (80), length: 18, Value: ...Gr.e......#..
	  State Attribute (24), length: 18, Value: .m.M.,..<....!..
17:27:44.313107 IP (tos 0x0, ttl 64, id 54835, offset 0, flags [none], proto UDP (17), length 206)
    127.0.0.1.58621 > 127.0.0.1.1812: RADIUS, length: 178
	Access-Request (1), id: 0x06, Authenticator: f8651a15a220b9e859431d4e950c22ad
	  User-Name Attribute (1), length: 8, Value: sanjay
	  NAS-IP-Address Attribute (4), length: 6, Value: 127.0.0.1
	  Calling-Station-Id Attribute (31), length: 19, Value: 02-00-00-00-00-01
	  Framed-MTU Attribute (12), length: 6, Value: 1400
	  NAS-Port-Type Attribute (61), length: 6, Value: Wireless - IEEE 802.11
	  Service-Type Attribute (6), length: 6, Value: Framed
	  Connect-Info Attribute (77), length: 24, Value: CONNECT 11Mbps 802.11b
	  Called-Station-Id Attribute (30), length: 3, Value: 
	  EAP-Message Attribute (79), length: 44, Value: Response (2), id 65, len 42
		 Type unknown (25)
	  State Attribute (24), length: 18, Value: .m.M.,..<....!..
	  Message-Authenticator Attribute (80), length: 18, Value: s....rm.'.t.u.t.
17:27:44.313264 IP (tos 0x0, ttl 64, id 26000, offset 0, flags [none], proto UDP (17), length 160)
    127.0.0.1.1812 > 127.0.0.1.58621: RADIUS, length: 132
	Access-Challenge (11), id: 0x06, Authenticator: b136e67dfd72590af884e18c2ec8e04d
	  EAP-Message Attribute (79), length: 76, Value: Request (1), id 66, len 74
		 Type unknown (25)
	  Message-Authenticator Attribute (80), length: 18, Value: .m..|K2..g.....8
	  State Attribute (24), length: 18, Value: .m.M./..<....!..
17:27:44.313580 IP (tos 0x0, ttl 64, id 54836, offset 0, flags [none], proto UDP (17), length 260)
    127.0.0.1.58621 > 127.0.0.1.1812: RADIUS, length: 232
	Access-Request (1), id: 0x07, Authenticator: dacc5edf36c5378d400ccb8e4ea81c7f
	  User-Name Attribute (1), length: 8, Value: sanjay
	  NAS-IP-Address Attribute (4), length: 6, Value: 127.0.0.1
	  Calling-Station-Id Attribute (31), length: 19, Value: 02-00-00-00-00-01
	  Framed-MTU Attribute (12), length: 6, Value: 1400
	  NAS-Port-Type Attribute (61), length: 6, Value: Wireless - IEEE 802.11
	  Service-Type Attribute (6), length: 6, Value: Framed
	  Connect-Info Attribute (77), length: 24, Value: CONNECT 11Mbps 802.11b
	  Called-Station-Id Attribute (30), length: 3, Value: 
	  EAP-Message Attribute (79), length: 98, Value: Response (2), id 66, len 96
		 Type unknown (25)
	  State Attribute (24), length: 18, Value: .m.M./..<....!..
	  Message-Authenticator Attribute (80), length: 18, Value: .G.7E..BE..@#...
17:27:44.314045 IP (tos 0x0, ttl 64, id 26001, offset 0, flags [none], proto UDP (17), length 168)
    127.0.0.1.1812 > 127.0.0.1.58621: RADIUS, length: 140
	Access-Challenge (11), id: 0x07, Authenticator: d8acb97cdb4eed1632ccb4e69fc7e127
	  EAP-Message Attribute (79), length: 84, Value: Request (1), id 67, len 82
		 Type unknown (25)
	  Message-Authenticator Attribute (80), length: 18, Value: H..m~.jM......? 
	  State Attribute (24), length: 18, Value: .m.M....<....!..
17:27:44.314372 IP (tos 0x0, ttl 64, id 54837, offset 0, flags [none], proto UDP (17), length 201)
    127.0.0.1.58621 > 127.0.0.1.1812: RADIUS, length: 173
	Access-Request (1), id: 0x08, Authenticator: 37bf4e9db6baaf4e31c92ca7651b30de
	  User-Name Attribute (1), length: 8, Value: sanjay
	  NAS-IP-Address Attribute (4), length: 6, Value: 127.0.0.1
	  Calling-Station-Id Attribute (31), length: 19, Value: 02-00-00-00-00-01
	  Framed-MTU Attribute (12), length: 6, Value: 1400
	  NAS-Port-Type Attribute (61), length: 6, Value: Wireless - IEEE 802.11
	  Service-Type Att