Reading configuration file 'wpa_supplicant.conf'
ctrl_interface='/var/run/wpa_supplicant'
update_config=1
Line: 4 - start of a new network block
ssid - hexdump_ascii(len=15):
     53 61 6e 6a 61 79 27 73 20 49 50 68 6f 6e 65      Sanjay's IPhone 
key_mgmt: 0x1
eap methods - hexdump(len=16): 00 00 00 00 19 00 00 00 00 00 00 00 00 00 00 00
identity - hexdump_ascii(len=6):
     73 61 6e 6a 61 79                                 sanjay          
password - hexdump_ascii(len=7):
     74 65 73 74 69 6e 67                              testing         
phase2 - hexdump_ascii(len=13):
     61 75 74 68 3d 4d 53 43 48 41 50 56 32            auth=MSCHAPV2   
Priority group 0
   id=0 ssid='Sanjay's IPhone'
Authentication server 127.0.0.1:1812
RADIUS local address: 127.0.0.1:58621
ENGINE: Loading builtin engines
ENGINE: Loading builtin engines
EAPOL: SUPP_PAE entering state DISCONNECTED
EAPOL: KEY_RX entering state NO_KEY_RECEIVE
EAPOL: SUPP_BE entering state INITIALIZE
EAP: EAP entering state DISABLED
EAPOL: External notification - portValid=0
EAPOL: External notification - portEnabled=1
EAPOL: SUPP_PAE entering state CONNECTING
EAPOL: SUPP_BE entering state IDLE
EAP: EAP entering state INITIALIZE
EAP: EAP entering state IDLE
Sending fake EAP-Request-Identity
EAPOL: Received EAP-Packet frame
EAPOL: SUPP_PAE entering state RESTART
EAP: EAP entering state INITIALIZE
EAP: EAP entering state IDLE
EAPOL: SUPP_PAE entering state AUTHENTICATING
EAPOL: SUPP_BE entering state REQUEST
EAPOL: getSuppRsp
EAP: EAP entering state RECEIVED
EAP: Received EAP-Request id=59 method=1 vendor=0 vendorMethod=0
EAP: EAP entering state IDENTITY
CTRL-EVENT-EAP-STARTED EAP authentication started
EAP: Status notification: started (param=)
EAP: EAP-Request Identity data - hexdump_ascii(len=0):
EAP: using real identity - hexdump_ascii(len=6):
     73 61 6e 6a 61 79                                 sanjay          
EAP: EAP entering state SEND_RESPONSE
EAP: EAP entering state IDLE
EAPOL: SUPP_BE entering state RESPONSE
EAPOL: txSuppRsp
WPA: eapol_test_eapol_send(type=0 len=11)
TX EAP -> RADIUS - hexdump(len=11): 02 3b 00 0b 01 73 61 6e 6a 61 79
Encapsulating EAP message into a RADIUS packet
Learned identity from EAP-Response-Identity - hexdump(len=6): 73 61 6e 6a 61 79
Sending RADIUS message to authentication server
RADIUS message: code=1 (Access-Request) identifier=0 length=129
   Attribute 1 (User-Name) length=8
      Value: 'sanjay'
   Attribute 4 (NAS-IP-Address) length=6
      Value: 127.0.0.1
   Attribute 31 (Calling-Station-Id) length=19
      Value: '02-00-00-00-00-01'
   Attribute 12 (Framed-MTU) length=6
      Value: 1400
   Attribute 61 (NAS-Port-Type) length=6
      Value: 19
   Attribute 6 (Service-Type) length=6
      Value: 2
   Attribute 77 (Connect-Info) length=24
      Value: 'CONNECT 11Mbps 802.11b'
   Attribute 30 (Called-Station-Id) length=3
      Value: '\x00'
   Attribute 79 (EAP-Message) length=13
      Value: 023b000b0173616e6a6179
   Attribute 80 (Message-Authenticator) length=18
      Value: 169fd29813f7bbc71ddac3e1e1d2afa9
Next RADIUS client retransmit in 3 seconds
EAPOL: SUPP_BE entering state RECEIVE
Received 80 bytes from RADIUS server
Received RADIUS message
RADIUS message: code=11 (Access-Challenge) identifier=0 length=80
   Attribute 79 (EAP-Message) length=24
      Value: 013c00160410c06d754d3816c97c8506f3620bffeec0
   Attribute 80 (Message-Authenticator) length=18
      Value: 7e437fd4baadf6e7b05e85520eef9faa
   Attribute 24 (State) length=18
      Value: de6de34dde51e7143c08f4a9f5210991
STA 02:00:00:00:00:01: Received RADIUS packet matched with a pending request, round trip time 0.00 sec

RADIUS packet matching with station
decapsulated EAP packet (code=1 id=60 len=22) from RADIUS server: EAP-Request-MD5 (4)
EAPOL: Received EAP-Packet frame
EAPOL: SUPP_BE entering state REQUEST
EAPOL: getSuppRsp
EAP: EAP entering state RECEIVED
EAP: Received EAP-Request id=60 method=4 vendor=0 vendorMethod=0
EAP: EAP entering state GET_METHOD
EAP: configuration does not allow: vendor 0 method 4
EAP: vendor 0 method 4 not allowed
CTRL-EVENT-EAP-PROPOSED-METHOD vendor=0 method=4 -> NAK
EAP: Status notification: refuse proposed method (param=MD5)
EAP: Building EAP-Nak (requested type 4 vendor=0 method=0 not allowed)
EAP: allowed methods - hexdump(len=1): 19
EAP: EAP entering state SEND_RESPONSE
EAP: EAP entering state IDLE
EAPOL: SUPP_BE entering state RESPONSE
EAPOL: txSuppRsp
WPA: eapol_test_eapol_send(type=0 len=6)
TX EAP -> RADIUS - hexdump(len=6): 02 3c 00 06 03 19
Encapsulating EAP message into a RADIUS packet
  Copied RADIUS State Attribute
Sending RADIUS message to authentication server
RADIUS message: code=1 (Access-Request) identifier=1 length=142
   Attribute 1 (User-Name) length=8
      Value: 'sanjay'
   Attribute 4 (NAS-IP-Address) length=6
      Value: 127.0.0.1
   Attribute 31 (Calling-Station-Id) length=19
      Value: '02-00-00-00-00-01'
   Attribute 12 (Framed-MTU) length=6
      Value: 1400
   Attribute 61 (NAS-Port-Type) length=6
      Value: 19
   Attribute 6 (Service-Type) length=6
      Value: 2
   Attribute 77 (Connect-Info) length=24
      Value: 'CONNECT 11Mbps 802.11b'
   Attribute 30 (Called-Station-Id) length=3
      Value: '\x00'
   Attribute 79 (EAP-Message) length=8
      Value: 023c00060319
   Attribute 24 (State) length=18
      Value: de6de34dde51e7143c08f4a9f5210991
   Attribute 80 (Message-Authenticator) length=18
      Value: 5daf8b4249150c5d851586c09538bcad
Next RADIUS client retransmit in 3 seconds
EAPOL: SUPP_BE entering state RECEIVE
Received 64 bytes from RADIUS server
Received RADIUS message
RADIUS message: code=11 (Access-Challenge) identifier=1 length=64
   Attribute 79 (EAP-Message) length=8
      Value: 013d00061920
   Attribute 80 (Message-Authenticator) length=18
      Value: 7f60de64090654724038be9ab9ffecfd
   Attribute 24 (State) length=18
      Value: de6de34ddf50fa143c08f4a9f5210991
STA 02:00:00:00:00:01: Received RADIUS packet matched with a pending request, round trip time 0.00 sec

RADIUS packet matching with station
decapsulated EAP packet (code=1 id=61 len=6) from RADIUS server: EAP-Request-PEAP (25)
EAPOL: Received EAP-Packet frame
EAPOL: SUPP_BE entering state REQUEST
EAPOL: getSuppRsp
EAP: EAP entering state RECEIVED
EAP: Received EAP-Request id=61 method=25 vendor=0 vendorMethod=0
EAP: EAP entering state GET_METHOD
CTRL-EVENT-EAP-PROPOSED-METHOD vendor=0 method=25
EAP: Status notification: accept proposed method (param=PEAP)
EAP: Initialize selected EAP method: vendor 0 method 25 (PEAP)
TLS: Phase2 EAP types - hexdump(len=8): 00 00 00 00 1a 00 00 00
TLS: using phase1 config options
CTRL-EVENT-EAP-METHOD EAP vendor 0 method 25 (PEAP) selected
EAP: EAP entering state METHOD
SSL: Received packet(len=6) - Flags 0x20
EAP-PEAP: Start (server ver=0, own ver=1)
EAP-PEAP: Using PEAP version 0
SSL: (where=0x10 ret=0x1)
SSL: (where=0x1001 ret=0x1)
SSL: SSL_connect:before SSL initialization
OpenSSL: TX ver=0x301 content_type=256 (TLS header info/)
OpenSSL: Message - hexdump(len=5): 16 03 01 00 b3
OpenSSL: TX ver=0x303 content_type=22 (handshake/client hello)
OpenSSL: Message - hexdump(len=179): 01 00 00 af 03 03 2e 0e 37 1a d5 3d fd 57 45 4f 0e c0 04 dc 92 05 21 2b 77 c4 6d 5f 70 70 51 b4 4d f7 5d fa 68 a3 00 00 38 c0 2c c0 30 00 9f cc a9 cc a8 cc aa c0 2b c0 2f 00 9e c0 24 c0 28 00 6b c0 23 c0 27 00 67 c0 0a c0 14 00 39 c0 09 c0 13 00 33 00 9d 00 9c 00 3d 00 3c 00 35 00 2f 00 ff 01 00 00 4e 00 0b 00 04 03 00 01 02 00 0a 00 0c 00 0a 00 1d 00 17 00 1e 00 19 00 18 00 16 00 00 00 17 00 00 00 0d 00 2a 00 28 04 03 05 03 06 03 08 07 08 08 08 09 08 0a 08 0b 08 04 08 05 08 06 04 01 05 01 06 01 03 03 03 01 03 02 04 02 05 02 06 02
SSL: (where=0x1001 ret=0x1)
SSL: SSL_connect:SSLv3/TLS write client hello
SSL: (where=0x1002 ret=0xffffffff)
SSL: SSL_connect:error in SSLv3/TLS write client hello
SSL: SSL_connect - want more data
SSL: 184 bytes pending from ssl_out
SSL: Using TLS version TLSv1.2
SSL: 184 bytes left to be sent out (of total 184 bytes)
EAP: method process -> ignore=FALSE methodState=MAY_CONT decision=FAIL eapRespData=0x5577431e7d40
EAP: EAP entering state SEND_RESPONSE
EAP: EAP entering state IDLE
EAPOL: SUPP_BE entering state RESPONSE
EAPOL: txSuppRsp
WPA: eapol_test_eapol_send(type=0 len=194)
TX EAP -> RADIUS - hexdump(len=194): 02 3d 00 c2 19 80 00 00 00 b8 16 03 01 00 b3 01 00 00 af 03 03 2e 0e 37 1a d5 3d fd 57 45 4f 0e c0 04 dc 92 05 21 2b 77 c4 6d 5f 70 70 51 b4 4d f7 5d fa 68 a3 00 00 38 c0 2c c0 30 00 9f cc a9 cc a8 cc aa c0 2b c0 2f 00 9e c0 24 c0 28 00 6b c0 23 c0 27 00 67 c0 0a c0 14 00 39 c0 09 c0 13 00 33 00 9d 00 9c 00 3d 00 3c 00 35 00 2f 00 ff 01 00 00 4e 00 0b 00 04 03 00 01 02 00 0a 00 0c 00 0a 00 1d 00 17 00 1e 00 19 00 18 00 16 00 00 00 17 00 00 00 0d 00 2a 00 28 04 03 05 03 06 03 08 07 08 08 08 09 08 0a 08 0b 08 04 08 05 08 06 04 01 05 01 06 01 03 03 03 01 03 02 04 02 05 02 06 02
Encapsulating EAP message into a RADIUS packet
  Copied RADIUS State Attribute
Sending RADIUS message to authentication server
RADIUS message: code=1 (Access-Request) identifier=2 length=330
   Attribute 1 (User-Name) length=8
      Value: 'sanjay'
   Attribute 4 (NAS-IP-Address) length=6
      Value: 127.0.0.1
   Attribute 31 (Calling-Station-Id) length=19
      Value: '02-00-00-00-00-01'
   Attribute 12 (Framed-MTU) length=6
      Value: 1400
   Attribute 61 (NAS-Port-Type) length=6
      Value: 19
   Attribute 6 (Service-Type) length=6
      Value: 2
   Attribute 77 (Connect-Info) length=24
      Value: 'CONNECT 11Mbps 802.11b'
   Attribute 30 (Called-Station-Id) length=3
      Value: '\x00'
   Attribute 79 (EAP-Message) length=196
      Value: 023d00c21980000000b816030100b3010000af03032e0e371ad53dfd57454f0ec004dc9205212b77c46d5f707051b44df75dfa68a3000038c02cc030009fcca9cca8ccaac02bc02f009ec024c028006bc023c0270067c00ac0140039c009c0130033009d009c003d003c0035002f00ff0100004e000b000403000102000a000c000a001d0017001e001900180016000000170000000d002a0028040305030603080708080809080a080b080408050806040105010601030303010302040205020602
   Attribute 24 (State) length=18
      Value: de6de34ddf50fa143c08f4a9f5210991
   Attribute 80 (Message-Authenticator) length=18
      Value: c5d5dba45c46b9714e0bd550f9dd4a6f
Next RADIUS client retransmit in 3 seconds
EAPOL: SUPP_BE entering state RECEIVE
Received 1068 bytes from RADIUS server
Received RADIUS message
RADIUS message: code=11 (Access-Challenge) identifier=2 length=1068
   Attribute 79 (EAP-Message) length=255
      Value: 013e03ec19c00000047e160303003d02000039030350e21d366a75a73a4922efedeb04fe19ea3bc50d1cb76efdf1b7456ad5c2303f00c030000011ff01000100000b0004030001020017000016030302fd0b0002f90002f60002f3308202ef308201d7a00302010202145ca7552292c09833cb0ef7c37a00c76cf0ecac3f300d06092a864886f70d01010b05003011310f300d06035504030c067562756e7475301e170d3234303631333130333134305a170d3334303631313130333134305a3011310f300d06035504030c067562756e747530820122300d06092a864886f70d01010105000382010f003082010a0282010100b4b52a645b565f1818
   Attribute 79 (EAP-Message) length=255
      Value: 7acc4411ce18a9f5fcdf3e7c67d5aef31c1628d7191dc079412ee408648a2f3a8471b03fc40b72bebf4480d154032536bb8220e102193752054f4b7e9457ddb04b53512a28009295b3f25f0d54b6222ca5ad22a1249e196c6cc5091a992b632acf76e15777580e6dc27863489c8eebc92e00128cecc76525716325e62d6349d72df1f44a8b9d7e1fa536b387cea036f60271dbcb3bade123a87913215d303e321acb9a1d00552579aa763596179e9c39aa5744497468c7b2ad075dbfe048644ecb2658a182b5380d85dbf141bc718646444268aec0b60ef9be74ba3af18e0255f0f238ef72bf9c55e817b4265954f24425821e6dbff5310203010001a3
   Attribute 79 (EAP-Message) length=255
      Value: 3f303d30090603551d130402300030110603551d11040a300882067562756e7475301d0603551d0e041604141ab3224856dfa0c98fc6c9ffb7d5392204c0f218300d06092a864886f70d01010b05000382010100a1bec4b4b902f39c65fa710191ba1d1de05b8d07dc7602d8ee1bf579c64662d355842fef7e833b4f1f990aa302c2b9ead70fd25c428cf9b900e4de02647fa9e1bb7651f073481974c69c4b0adb01466b1f375332027296c79af063b43e22605ef21036a49270ede719775e59055bc203b9edca6e7cf3b356e3028ed1d88d223bae2cbd1dfe9bf4e931a66adbcb75ea5da51abffedafbb850f1ba3093b6ba18ebdb90ec090bad3970a1
   Attribute 79 (EAP-Message) length=247
      Value: e0205bcf456aa667f0aa5c4cf24ecd3443b23c4f62090435c074c32e48e02b5c0f4c1a32ab04c12c792bf08ced13a40253f9b705188e9328f72f8cd65bb5833f50e3db791486590aff48e6d3b745abee11712635c2aca0160303012c0c00012803001d2032ee64fa41b464287d73767907113bb8d6b48ef22f3bbb22bbae97fb1af23c41080401002e174ee9a2655eb56694a4689120ab1936e07c7776da58b3c2b3910e23386375d860a5d5ad71ed5977fdf4a0ffdfefcb9a73ad20cecd1c876d6e6f149187a955b166e31287076026221505ea76919cc91aa50c6560396f33275f6b3a1fb7faf91715a0b74e595b6513abc20f0f
   Attribute 80 (Message-Authenticator) length=18
      Value: ba25f21194c80be9c0d33568c1617802
   Attribute 24 (State) length=18
      Value: de6de34ddc53fa143c08f4a9f5210991
STA 02:00:00:00:00:01: Received RADIUS packet matched with a pending request, round trip time 0.00 sec

RADIUS packet matching with station
decapsulated EAP packet (code=1 id=62 len=1004) from RADIUS server: EAP-Request-PEAP (25)
EAPOL: Received EAP-Packet frame
EAPOL: SUPP_BE entering state REQUEST
EAPOL: getSuppRsp
EAP: EAP entering state RECEIVED
EAP: Received EAP-Request id=62 method=25 vendor=0 vendorMethod=0
EAP: EAP entering state METHOD
SSL: Received packet(len=1004) - Flags 0xc0
SSL: TLS Message Length: 1150
SSL: Need 156 bytes more input data
SSL: Building ACK (type=25 id=62 ver=0)
EAP: method process -> ignore=FALSE methodState=MAY_CONT decision=FAIL eapRespData=0x5577431d5140
EAP: EAP entering state SEND_RESPONSE
EAP: EAP entering state IDLE
EAPOL: SUPP_BE entering state RESPONSE
EAPOL: txSuppRsp
WPA: eapol_test_eapol_send(type=0 len=6)
TX EAP -> RADIUS - hexdump(len=6): 02 3e 00 06 19 00
Encapsulating EAP message into a RADIUS packet
  Copied RADIUS State Attribute
Sending RADIUS message to authentication server
RADIUS message: code=1 (Access-Request) identifier=3 length=142
   Attribute 1 (User-Name) length=8
      Value: 'sanjay'
   Attribute 4 (NAS-IP-Address) length=6
      Value: 127.0.0.1
   Attribute 31 (Calling-Station-Id) length=19
      Value: '02-00-00-00-00-01'
   Attribute 12 (Framed-MTU) length=6
      Value: 1400
   Attribute 61 (NAS-Port-Type) length=6
      Value: 19
   Attribute 6 (Service-Type) length=6
      Value: 2
   Attribute 77 (Connect-Info) length=24
      Value: 'CONNECT 11Mbps 802.11b'
   Attribute 30 (Called-Station-Id) length=3
      Value: '\x00'
   Attribute 79 (EAP-Message) length=8
      Value: 023e00061900
   Attribute 24 (State) length=18
      Value: de6de34ddc53fa143c08f4a9f5210991
   Attribute 80 (Message-Authenticator) length=18
      Value: 62fd3c2f800a0926f8674bed7ca0965a
Next RADIUS client retransmit in 3 seconds
EAPOL: SUPP_BE entering state RECEIVE
Received 220 bytes from RADIUS server
Received RADIUS message
RADIUS message: code=11 (Access-Challenge) identifier=3 length=220
   Attribute 79 (EAP-Message) length=164
      Value: 013f00a21900c3878621df8a952594f3f0dbf65dbba397aad188b858c68e0b66046f93592da33b0c80397478383059f9efce62a65e3a0486761f31958f25624b344a432ded1771fbb0f40f69b4d1c1e71757e08817e9ef9f71b3470c5ad542b9b2e92646abf54e93eaf7bca18baf1465f595e7f6d045eae7a6c432c6faad62441dadd0c37c98b82cc1e4a8d48b50c89ffdb76e78febffe459516030300040e000000
   Attribute 80 (Message-Authenticator) length=18
      Value: a551c3ce0e569108e331dbec02b0c54a
   Attribute 24 (State) length=18
      Value: de6de34ddd52fa143c08f4a9f5210991
STA 02:00:00:00:00:01: Received RADIUS packet matched with a pending request, round trip time 0.00 sec

RADIUS packet matching with station
decapsulated EAP packet (code=1 id=63 len=162) from RADIUS server: EAP-Request-PEAP (25)
EAPOL: Received EAP-Packet frame
EAPOL: SUPP_BE entering state REQUEST
EAPOL: getSuppRsp
EAP: EAP entering state RECEIVED
EAP: Received EAP-Request id=63 method=25 vendor=0 vendorMethod=0
EAP: EAP entering state METHOD
SSL: Received packet(len=162) - Flags 0x00
OpenSSL: RX ver=0x303 content_type=256 (TLS header info/)
OpenSSL: Message - hexdump(len=5): 16 03 03 00 3d
SSL: (where=0x1001 ret=0x1)
SSL: SSL_connect:SSLv3/TLS write client hello
OpenSSL: RX ver=0x303 content_type=22 (handshake/server hello)
OpenSSL: Message - hexdump(len=61): 02 00 00 39 03 03 50 e2 1d 36 6a 75 a7 3a 49 22 ef ed eb 04 fe 19 ea 3b c5 0d 1c b7 6e fd f1 b7 45 6a d5 c2 30 3f 00 c0 30 00 00 11 ff 01 00 01 00 00 0b 00 04 03 00 01 02 00 17 00 00
OpenSSL: Server selected cipher suite 0xc030
OpenSSL: RX ver=0x303 content_type=256 (TLS header info/)
OpenSSL: Message - hexdump(len=5): 16 03 03 02 fd
SSL: (where=0x1001 ret=0x1)
SSL: SSL_connect:SSLv3/TLS read server hello
OpenSSL: RX ver=0x303 content_type=22 (handshake/certificate)
OpenSSL: Message - hexdump(len=765): 0b 00 02 f9 00 02 f6 00 02 f3 30 82 02 ef 30 82 01 d7 a0 03 02 01 02 02 14 5c a7 55 22 92 c0 98 33 cb 0e f7 c3 7a 00 c7 6c f0 ec ac 3f 30 0d 06 09 2a 86 48 86 f7 0d 01 01 0b 05 00 30 11 31 0f 30 0d 06 03 55 04 03 0c 06 75 62 75 6e 74 75 30 1e 17 0d 32 34 30 36 31 33 31 30 33 31 34 30 5a 17 0d 33 34 30 36 31 31 31 30 33 31 34 30 5a 30 11 31 0f 30 0d 06 03 55 04 03 0c 06 75 62 75 6e 74 75 30 82 01 22 30 0d 06 09 2a 86 48 86 f7 0d 01 01 01 05 00 03 82 01 0f 00 30 82 01 0a 02 82 01 01 00 b4 b5 2a 64 5b 56 5f 18 18 7a cc 44 11 ce 18 a9 f5 fc df 3e 7c 67 d5 ae f3 1c 16 28 d7 19 1d c0 79 41 2e e4 08 64 8a 2f 3a 84 71 b0 3f c4 0b 72 be bf 44 80 d1 54 03 25 36 bb 82 20 e1 02 19 37 52 05 4f 4b 7e 94 57 dd b0 4b 53 51 2a 28 00 92 95 b3 f2 5f 0d 54 b6 22 2c a5 ad 22 a1 24 9e 19 6c 6c c5 09 1a 99 2b 63 2a cf 76 e1 57 77 58 0e 6d c2 78 63 48 9c 8e eb c9 2e 00 12 8c ec c7 65 25 71 63 25 e6 2d 63 49 d7 2d f1 f4 4a 8b 9d 7e 1f a5 36 b3 87 ce a0 36 f6 02 71 db cb 3b ad e1 23 a8 79 13 21 5d 30 3e 32 1a cb 9a 1d 00 55 25 79 aa 76 35 96 17 9e 9c 39 aa 57 44 49 74 68 c7 b2 ad 07 5d bf e0 48 64 4e cb 26 58 a1 82 b5 38 0d 85 db f1 41 bc 71 86 46 44 42 68 ae c0 b6 0e f9 be 74 ba 3a f1 8e 02 55 f0 f2 38 ef 72 bf 9c 55 e8 17 b4 26 59 54 f2 44 25 82 1e 6d bf f5 31 02 03 01 00 01 a3 3f 30 3d 30 09 06 03 55 1d 13 04 02 30 00 30 11 06 03 55 1d 11 04 0a 30 08 82 06 75 62 75 6e 74 75 30 1d 06 03 55 1d 0e 04 16 04 14 1a b3 22 48 56 df a0 c9 8f c6 c9 ff b7 d5 39 22 04 c0 f2 18 30 0d 06 09 2a 86 48 86 f7 0d 01 01 0b 05 00 03 82 01 01 00 a1 be c4 b4 b9 02 f3 9c 65 fa 71 01 91 ba 1d 1d e0 5b 8d 07 dc 76 02 d8 ee 1b f5 79 c6 46 62 d3 55 84 2f ef 7e 83 3b 4f 1f 99 0a a3 02 c2 b9 ea d7 0f d2 5c 42 8c f9 b9 00 e4 de 02 64 7f a9 e1 bb 76 51 f0 73 48 19 74 c6 9c 4b 0a db 01 46 6b 1f 37 53 32 02 72 96 c7 9a f0 63 b4 3e 22 60 5e f2 10 36 a4 92 70 ed e7 19 77 5e 59 05 5b c2 03 b9 ed ca 6e 7c f3 b3 56 e3 02 8e d1 d8 8d 22 3b ae 2c bd 1d fe 9b f4 e9 31 a6 6a db cb 75 ea 5d a5 1a bf fe da fb b8 50 f1 ba 30 93 b6 ba 18 eb db 90 ec 09 0b ad 39 70 a1 e0 20 5b cf 45 6a a6 67 f0 aa 5c 4c f2 4e cd 34 43 b2 3c 4f 62 09 04 35 c0 74 c3 2e 48 e0 2b 5c 0f 4c 1a 32 ab 04 c1 2c 79 2b f0 8c ed 13 a4 02 53 f9 b7 05 18 8e 93 28 f7 2f 8c d6 5b b5 83 3f 50 e3 db 79 14 86 59 0a ff 48 e6 d3 b7 45 ab ee 11 71 26 35 c2 ac a0
OpenSSL: Peer certificate - depth 0
Certificate:
    Data:
        Version: 3 (0x2)
        Serial Number:
            5c:a7:55:22:92:c0:98:33:cb:0e:f7:c3:7a:00:c7:6c:f0:ec:ac:3f
        Signature Algorithm: sha256WithRSAEncryption
        Issuer: CN=ubuntu
        Validity
            Not Before: Jun 13 10:31:40 2024 GMT
            Not After : Jun 11 10:31:40 2034 GMT
        Subject: CN=ubuntu
        Subject Public Key Info:
            Public Key Algorithm: rsaEncryption
                Public-Key: (2048 bit)
                Modulus:
                    00:b4:b5:2a:64:5b:56:5f:18:18:7a:cc:44:11:ce:
                    18:a9:f5:fc:df:3e:7c:67:d5:ae:f3:1c:16:28:d7:
                    19:1d:c0:79:41:2e:e4:08:64:8a:2f:3a:84:71:b0:
                    3f:c4:0b:72:be:bf:44:80:d1:54:03:25:36:bb:82:
                    20:e1:02:19:37:52:05:4f:4b:7e:94:57:dd:b0:4b:
                    53:51:2a:28:00:92:95:b3:f2:5f:0d:54:b6:22:2c:
                    a5:ad:22:a1:24:9e:19:6c:6c:c5:09:1a:99:2b:63:
                    2a:cf:76:e1:57:77:58:0e:6d:c2:78:63:48:9c:8e:
                    eb:c9:2e:00:12:8c:ec:c7:65:25:71:63:25:e6:2d:
                    63:49:d7:2d:f1:f4:4a:8b:9d:7e:1f:a5:36:b3:87:
                    ce:a0:36:f6:02:71:db:cb:3b:ad:e1:23:a8:79:13:
                    21:5d:30:3e:32:1a:cb:9a:1d:00:55:25:79:aa:76:
                    35:96:17:9e:9c:39:aa:57:44:49:74:68:c7:b2:ad:
                    07:5d:bf:e0:48:64:4e:cb:26:58:a1:82:b5:38:0d:
                    85:db:f1:41:bc:71:86:46:44:42:68:ae:c0:b6:0e:
                    f9:be:74:ba:3a:f1:8e:02:55:f0:f2:38:ef:72:bf:
                    9c:55:e8:17:b4:26:59:54:f2:44:25:82:1e:6d:bf:
                    f5:31
                Exponent: 65537 (0x10001)
        X509v3 extensions:
            X509v3 Basic Constraints: 
                CA:FALSE
            X509v3 Subject Alternative Name: 
                DNS:ubuntu
            X509v3 Subject Key Identifier: 
                1A:B3:22:48:56:DF:A0:C9:8F:C6:C9:FF:B7:D5:39:22:04:C0:F2:18
    Signature Algorithm: sha256WithRSAEncryption
    Signature Value:
        a1:be:c4:b4:b9:02:f3:9c:65:fa:71:01:91:ba:1d:1d:e0:5b:
        8d:07:dc:76:02:d8:ee:1b:f5:79:c6:46:62:d3:55:84:2f:ef:
        7e:83:3b:4f:1f:99:0a:a3:02:c2:b9:ea:d7:0f:d2:5c:42:8c:
        f9:b9:00:e4:de:02:64:7f:a9:e1:bb:76:51:f0:73:48:19:74:
        c6:9c:4b:0a:db:01:46:6b:1f:37:53:32:02:72:96:c7:9a:f0:
        63:b4:3e:22:60:5e:f2:10:36:a4:92:70:ed:e7:19:77:5e:59:
        05:5b:c2:03:b9:ed:ca:6e:7c:f3:b3:56:e3:02:8e:d1:d8:8d:
        22:3b:ae:2c:bd:1d:fe:9b:f4:e9:31:a6:6a:db:cb:75:ea:5d:
        a5:1a:bf:fe:da:fb:b8:50:f1:ba:30:93:b6:ba:18:eb:db:90:
        ec:09:0b:ad:39:70:a1:e0:20:5b:cf:45:6a:a6:67:f0:aa:5c:
        4c:f2:4e:cd:34:43:b2:3c:4f:62:09:04:35:c0:74:c3:2e:48:
        e0:2b:5c:0f:4c:1a:32:ab:04:c1:2c:79:2b:f0:8c:ed:13:a4:
        02:53:f9:b7:05:18:8e:93:28:f7:2f:8c:d6:5b:b5:83:3f:50:
        e3:db:79:14:86:59:0a:ff:48:e6:d3:b7:45:ab:ee:11:71:26:
        35:c2:ac:a0

CTRL-EVENT-EAP-PEER-CERT depth=0 subject='/CN=ubuntu' hash=6ba289612ef2c71b8c04a13eb3e694faa8d675a50b7f8e5d4d761b795a3b03c5
CTRL-EVENT-EAP-PEER-ALT depth=0 DNS:ubuntu
TLS: tls_verify_cb - preverify_ok=1 err=18 (self-signed certificate) ca_cert_verify=0 depth=0 buf='/CN=ubuntu'
EAP: Status notification: remote certificate verification (param=success)
OpenSSL: Peer certificate - depth 0
Certificate:
    Data:
        Version: 3 (0x2)
        Serial Number:
            5c:a7:55:22:92:c0:98:33:cb:0e:f7:c3:7a:00:c7:6c:f0:ec:ac:3f
        Signature Algorithm: sha256WithRSAEncryption
        Issuer: CN=ubuntu
        Validity
            Not Before: Jun 13 10:31:40 2024 GMT
            Not After : Jun 11 10:31:40 2034 GMT
        Subject: CN=ubuntu
        Subject Public Key Info:
            Public Key Algorithm: rsaEncryption
                Public-Key: (2048 bit)
                Modulus:
                    00:b4:b5:2a:64:5b:56:5f:18:18:7a:cc:44:11:ce:
                    18:a9:f5:fc:df:3e:7c:67:d5:ae:f3:1c:16:28:d7:
                    19:1d:c0:79:41:2e:e4:08:64:8a:2f:3a:84:71:b0:
                    3f:c4:0b:72:be:bf:44:80:d1:54:03:25:36:bb:82:
                    20:e1:02:19:37:52:05:4f:4b:7e:94:57:dd:b0:4b:
                    53:51:2a:28:00:92:95:b3:f2:5f:0d:54:b6:22:2c:
                    a5:ad:22:a1:24:9e:19:6c:6c:c5:09:1a:99:2b:63:
                    2a:cf:76:e1:57:77:58:0e:6d:c2:78:63:48:9c:8e:
                    eb:c9:2e:00:12:8c:ec:c7:65:25:71:63:25:e6:2d:
                    63:49:d7:2d:f1:f4:4a:8b:9d:7e:1f:a5:36:b3:87:
                    ce:a0:36:f6:02:71:db:cb:3b:ad:e1:23:a8:79:13:
                    21:5d:30:3e:32:1a:cb:9a:1d:00:55:25:79:aa:76:
                    35:96:17:9e:9c:39:aa:57:44:49:74:68:c7:b2:ad:
                    07:5d:bf:e0:48:64:4e:cb:26:58:a1:82:b5:38:0d:
                    85:db:f1:41:bc:71:86:46:44:42:68:ae:c0:b6:0e:
                    f9:be:74:ba:3a:f1:8e:02:55:f0:f2:38:ef:72:bf:
                    9c:55:e8:17:b4:26:59:54:f2:44:25:82:1e:6d:bf:
                    f5:31
                Exponent: 65537 (0x10001)
        X509v3 extensions:
            X509v3 Basic Constraints: 
                CA:FALSE
            X509v3 Subject Alternative Name: 
                DNS:ubuntu
            X509v3 Subject Key Identifier: 
                1A:B3:22:48:56:DF:A0:C9:8F:C6:C9:FF:B7:D5:39:22:04:C0:F2:18
    Signature Algorithm: sha256WithRSAEncryption
    Signature Value:
        a1:be:c4:b4:b9:02:f3:9c:65:fa:71:01:91:ba:1d:1d:e0:5b:
        8d:07:dc:76:02:d8:ee:1b:f5:79:c6:46:62:d3:55:84:2f:ef:
        7e:83:3b:4f:1f:99:0a:a3:02:c2:b9:ea:d7:0f:d2:5c:42:8c:
        f9:b9:00:e4:de:02:64:7f:a9:e1:bb:76:51:f0:73:48:19:74:
        c6:9c:4b:0a:db:01:46:6b:1f:37:53:32:02:72:96:c7:9a:f0:
        63:b4:3e:22:60:5e:f2:10:36:a4:92:70:ed:e7:19:77:5e:59:
        05:5b:c2:03:b9:ed:ca:6e:7c:f3:b3:56:e3:02:8e:d1:d8:8d:
        22:3b:ae:2c:bd:1d:fe:9b:f4:e9:31:a6:6a:db:cb:75:ea:5d:
        a5:1a:bf:fe:da:fb:b8:50:f1:ba:30:93:b6:ba:18:eb:db:90:
        ec:09:0b:ad:39:70:a1:e0:20:5b:cf:45:6a:a6:67:f0:aa:5c:
        4c:f2:4e:cd:34:43:b2:3c:4f:62:09:04:35:c0:74:c3:2e:48:
        e0:2b:5c:0f:4c:1a:32:ab:04:c1:2c:79:2b:f0:8c:ed:13:a4:
        02:53:f9:b7:05:18:8e:93:28:f7:2f:8c:d6:5b:b5:83:3f:50:
        e3:db:79:14:86:59:0a:ff:48:e6:d3:b7:45:ab:ee:11:71:26:
        35:c2:ac:a0

CTRL-EVENT-EAP-PEER-CERT depth=0 subject='/CN=ubuntu' hash=6ba289612ef2c71b8c04a13eb3e694faa8d675a50b7f8e5d4d761b795a3b03c5
CTRL-EVENT-EAP-PEER-ALT depth=0 DNS:ubuntu
TLS: tls_verify_cb - preverify_ok=1 err=18 (self-signed certificate) ca_cert_verify=0 depth=0 buf='/CN=ubuntu'
EAP: Status notification: remote certificate verification (param=success)
OpenSSL: RX ver=0x303 content_type=256 (TLS header info/)
OpenSSL: Message - hexdump(len=5): 16 03 03 01 2c
SSL: (where=0x1001 ret=0x1)
SSL: SSL_connect:SSLv3/TLS read server certificate
OpenSSL: RX ver=0x303 content_type=22 (handshake/server key exchange)
OpenSSL: Message - hexdump(len=300): 0c 00 01 28 03 00 1d 20 32 ee 64 fa 41 b4 64 28 7d 73 76 79 07 11 3b b8 d6 b4 8e f2 2f 3b bb 22 bb ae 97 fb 1a f2 3c 41 08 04 01 00 2e 17 4e e9 a2 65 5e b5 66 94 a4 68 91 20 ab 19 36 e0 7c 77 76 da 58 b3 c2 b3 91 0e 23 38 63 75 d8 60 a5 d5 ad 71 ed 59 77 fd f4 a0 ff df ef cb 9a 73 ad 20 ce cd 1c 87 6d 6e 6f 14 91 87 a9 55 b1 66 e3 12 87 07 60 26 22 15 05 ea 76 91 9c c9 1a a5 0c 65 60 39 6f 33 27 5f 6b 3a 1f b7 fa f9 17 15 a0 b7 4e 59 5b 65 13 ab c2 0f 0f c3 87 86 21 df 8a 95 25 94 f3 f0 db f6 5d bb a3 97 aa d1 88 b8 58 c6 8e 0b 66 04 6f 93 59 2d a3 3b 0c 80 39 74 78 38 30 59 f9 ef ce 62 a6 5e 3a 04 86 76 1f 31 95 8f 25 62 4b 34 4a 43 2d ed 17 71 fb b0 f4 0f 69 b4 d1 c1 e7 17 57 e0 88 17 e9 ef 9f 71 b3 47 0c 5a d5 42 b9 b2 e9 26 46 ab f5 4e 93 ea f7 bc a1 8b af 14 65 f5 95 e7 f6 d0 45 ea e7 a6 c4 32 c6 fa ad 62 44 1d ad d0 c3 7c 98 b8 2c c1 e4 a8 d4 8b 50 c8 9f fd b7 6e 78 fe bf fe 45 95
OpenSSL: RX ver=0x303 content_type=256 (TLS header info/)
OpenSSL: Message - hexdump(len=5): 16 03 03 00 04
SSL: (where=0x1001 ret=0x1)
SSL: SSL_connect:SSLv3/TLS read server key exchange
OpenSSL: RX ver=0x303 content_type=22 (handshake/server hello done)
OpenSSL: Message - hexdump(len=4): 0e 00 00 00
SSL: (where=0x1001 ret=0x1)
SSL: SSL_connect:SSLv3/TLS read server done
OpenSSL: TX ver=0x303 content_type=256 (TLS header info/)
OpenSSL: Message - hexdump(len=5): 16 03 03 00 25
OpenSSL: TX ver=0x303 content_type=22 (handshake/client key exchange)
OpenSSL: Message - hexdump(len=37): 10 00 00 21 20 9a af b5 77 bc 01 a7 42 fd 51 da 10 d0 98 c4 e9 02 7b 93 95 69 a4 db 5b a1 46 25 6d 8e 01 58 2f
SSL: (where=0x1001 ret=0x1)
SSL: SSL_connect:SSLv3/TLS write client key exchange
OpenSSL: TX ver=0x303 content_type=256 (TLS header info/)
OpenSSL: Message - hexdump(len=5): 14 03 03 00 01
OpenSSL: TX ver=0x303 content_type=20 (change cipher spec/)
OpenSSL: Message - hexdump(len=1): 01
SSL: (where=0x1001 ret=0x1)
SSL: SSL_connect:SSLv3/TLS write change cipher spec
OpenSSL: TX ver=0x303 content_type=256 (TLS header info/)
OpenSSL: Message - hexdump(len=5): 16 03 03 00 28
OpenSSL: TX ver=0x303 content_type=22 (handshake/finished)
OpenSSL: Message - hexdump(len=16): 14 00 00 0c 21 ae 38 71 e0 2a 21 78 a4 50 bf 51
SSL: (where=0x1001 ret=0x1)
SSL: SSL_connect:SSLv3/TLS write finished
SSL: (where=0x1002 ret=0xffffffff)
SSL: SSL_connect:error in SSLv3/TLS write finished
SSL: SSL_connect - want more data
SSL: 93 bytes pending from ssl_out
SSL: Using TLS version TLSv1.2
SSL: 93 bytes left to be sent out (of total 93 bytes)
EAP: method process -> ignore=FALSE methodState=MAY_CONT decision=FAIL eapRespData=0x55774321ca80
EAP: EAP entering state SEND_RESPONSE
EAP: EAP entering state IDLE
EAPOL: SUPP_BE entering state RESPONSE
EAPOL: txSuppRsp
WPA: eapol_test_eapol_send(type=0 len=103)
TX EAP -> RADIUS - hexdump(len=103): 02 3f 00 67 19 80 00 00 00 5d 16 03 03 00 25 10 00 00 21 20 9a af b5 77 bc 01 a7 42 fd 51 da 10 d0 98 c4 e9 02 7b 93 95 69 a4 db 5b a1 46 25 6d 8e 01 58 2f 14 03 03 00 01 01 16 03 03 00 28 6e d8 d3 a7 3c e3 b3 35 37 b1 d1 3b 8f f0 48 9b 92 93 a1 93 5d fe 4a 24 72 64 a2 b4 b4 58 0e 60 47 c5 64 0e be d6 0c f2
Encapsulating EAP message into a RADIUS packet
  Copied RADIUS State Attribute
Sending RADIUS message to authentication server
RADIUS message: code=1 (Access-Request) identifier=4 length=239
   Attribute 1 (User-Name) length=8
      Value: 'sanjay'
   Attribute 4 (NAS-IP-Address) length=6
      Value: 127.0.0.1
   Attribute 31 (Calling-Station-Id) length=19
      Value: '02-00-00-00-00-01'
   Attribute 12 (Framed-MTU) length=6
      Value: 1400
   Attribute 61 (NAS-Port-Type) length=6
      Value: 19
   Attribute 6 (Service-Type) length=6
      Value: 2
   Attribute 77 (Connect-Info) length=24
      Value: 'CONNECT 11Mbps 802.11b'
   Attribute 30 (Called-Station-Id) length=3
      Value: '\x00'
   Attribute 79 (EAP-Message) length=105
      Value: 023f006719800000005d160303002510000021209aafb577bc01a742fd51da10d098c4e9027b939569a4db5ba146256d8e01582f14030300010116030300286ed8d3a73ce3b33537b1d13b8ff0489b9293a1935dfe4a247264a2b4b4580e6047c5640ebed60cf2
   Attribute 24 (State) length=18
      Value: de6de34ddd52fa143c08f4a9f5210991
   Attribute 80 (Message-Authenticator) length=18
      Value: 60d3c1631ef7da7287231987b9870ff2
Next RADIUS client retransmit in 3 seconds
EAPOL: SUPP_BE entering state RECEIVE
Received 115 bytes from RADIUS server
Received RADIUS message
RADIUS message: code=11 (Access-Challenge) identifier=4 length=115
   Attribute 79 (EAP-Message) length=59
      Value: 014000391900140303000101160303002855329fca50fee7444dca1b04af4073554e59f54fb9bec8a4709ea9b38b22e2088b09002d77d743ef
   Attribute 80 (Message-Authenticator) length=18
      Value: 3a2a410bb20cb61964ff3e7b965ccbfe
   Attribute 24 (State) length=18
      Value: de6de34dda2dfa143c08f4a9f5210991
STA 02:00:00:00:00:01: Received RADIUS packet matched with a pending request, round trip time 0.00 sec

RADIUS packet matching with station
decapsulated EAP packet (code=1 id=64 len=57) from RADIUS server: EAP-Request-PEAP (25)
EAPOL: Received EAP-Packet frame
EAPOL: SUPP_BE entering state REQUEST
EAPOL: getSuppRsp
EAP: EAP entering state RECEIVED
EAP: Received EAP-Request id=64 method=25 vendor=0 vendorMethod=0
EAP: EAP entering state METHOD
SSL: Received packet(len=57) - Flags 0x00
OpenSSL: RX ver=0x303 content_type=256 (TLS header info/)
OpenSSL: Message - hexdump(len=5): 14 03 03 00 01
SSL: (where=0x1001 ret=0x1)
SSL: SSL_connect:SSLv3/TLS write finished
OpenSSL: RX ver=0x303 content_type=256 (TLS header info/)
OpenSSL: Message - hexdump(len=5): 16 03 03 00 28
SSL: (where=0x1001 ret=0x1)
SSL: SSL_connect:SSLv3/TLS read change cipher spec
OpenSSL: RX ver=0x303 content_type=22 (handshake/finished)
OpenSSL: Message - hexdump(len=16): 14 00 00 0c 17 0c dd ea 15 45 5e 62 90 ce 9d d6
SSL: (where=0x1001 ret=0x1)
SSL: SSL_connect:SSLv3/TLS read finished
SSL: (where=0x20 ret=0x1)
SSL: (where=0x1002 ret=0x1)
SSL: 0 bytes pending from ssl_out
OpenSSL: Handshake finished - resumed=0
SSL: No Application Data included
SSL: Using TLS version TLSv1.2
SSL: No data to be sent out
EAP-PEAP: TLS done, proceed to Phase 2
EAP-PEAP: using label 'client EAP encryption' in key derivation
EAP-PEAP: Derived key - hexdump(len=64): 52 44 ab 7d bb 55 79 42 29 7e 57 0d d0 d9 44 cf 73 d3 57 79 0b 4d ec 88 ee c0 ff 68 d1 aa 39 43 41 b7 97 09 33 fc 43 88 3e f6 71 4e 32 7c bc fb 6a e8 54 45 1e 41 16 5f 55 cf 67 65 9a 95 a5 1f
EAP-PEAP: Derived EMSK - hexdump(len=64): 48 81 c2 8b 04 c6 9f d0 6e cb fa 6c 5a ab b2 b0 c3 7c 1a e1 7e 86 90 eb 0e 2b 92 33 01 21 42 53 8e 55 22 93 d1 85 ae d2 ab 9c 5f 52 d1 33 17 b9 5d eb e5 b6 61 bd c7 75 44 67 6d b3 63 f4 9d 4b
EAP-PEAP: Derived Session-Id - hexdump(len=65): 19 2e 0e 37 1a d5 3d fd 57 45 4f 0e c0 04 dc 92 05 21 2b 77 c4 6d 5f 70 70 51 b4 4d f7 5d fa 68 a3 50 e2 1d 36 6a 75 a7 3a 49 22 ef ed eb 04 fe 19 ea 3b c5 0d 1c b7 6e fd f1 b7 45 6a d5 c2 30 3f
SSL: Building ACK (type=25 id=64 ver=0)
EAP: method process -> ignore=FALSE methodState=MAY_CONT decision=FAIL eapRespData=0x5577432116e0
EAP: EAP entering state SEND_RESPONSE
EAP: EAP entering state IDLE
EAPOL: SUPP_BE entering state RESPONSE
EAPOL: txSuppRsp
WPA: eapol_test_eapol_send(type=0 len=6)
TX EAP -> RADIUS - hexdump(len=6): 02 40 00 06 19 00
Encapsulating EAP message into a RADIUS packet
  Copied RADIUS State Attribute
Sending RADIUS message to authentication server
RADIUS message: code=1 (Access-Request) identifier=5 length=142
   Attribute 1 (User-Name) length=8
      Value: 'sanjay'
   Attribute 4 (NAS-IP-Address) length=6
      Value: 127.0.0.1
   Attribute 31 (Calling-Station-Id) length=19
      Value: '02-00-00-00-00-01'
   Attribute 12 (Framed-MTU) length=6
      Value: 1400
   Attribute 61 (NAS-Port-Type) length=6
      Value: 19
   Attribute 6 (Service-Type) length=6
      Value: 2
   Attribute 77 (Connect-Info) length=24
      Value: 'CONNECT 11Mbps 802.11b'
   Attribute 30 (Called-Station-Id) length=3
      Value: '\x00'
   Attribute 79 (EAP-Message) length=8
      Value: 024000061900
   Attribute 24 (State) length=18
      Value: de6de34dda2dfa143c08f4a9f5210991
   Attribute 80 (Message-Authenticator) length=18
      Value: 51d2012a9e1a1889b658a49a5e40464b
Next RADIUS client retransmit in 3 seconds
EAPOL: SUPP_BE entering state RECEIVE
Received 98 bytes from RADIUS server
Received RADIUS message
RADIUS message: code=11 (Access-Challenge) identifier=5 length=98
   Attribute 79 (EAP-Message) length=42
      Value: 014100281900170303001d55329fca50fee7454e1b57994e66b0d07b721584a37f453b9d5e4dabfc
   Attribute 80 (Message-Authenticator) length=18
      Value: eaf9a04772df65f889faf9b2ad231e0d
   Attribute 24 (State) length=18
      Value: de6de34ddb2cfa143c08f4a9f5210991
STA 02:00:00:00:00:01: Received RADIUS packet matched with a pending request, round trip time 0.00 sec

RADIUS packet matching with station
decapsulated EAP packet (code=1 id=65 len=40) from RADIUS server: EAP-Request-PEAP (25)
EAPOL: Received EAP-Packet frame
EAPOL: SUPP_BE entering state REQUEST
EAPOL: getSuppRsp
EAP: EAP entering state RECEIVED
EAP: Received EAP-Request id=65 method=25 vendor=0 vendorMethod=0
EAP: EAP entering state METHOD
SSL: Received packet(len=40) - Flags 0x00
EAP-PEAP: received 34 bytes encrypted data for Phase 2
OpenSSL: RX ver=0x303 content_type=256 (TLS header info/)
OpenSSL: Message - hexdump(len=5): 17 03 03 00 1d
EAP-PEAP: Decrypted Phase 2 EAP - hexdump(len=5): 01 41 00 05 01
EAP-PEAP: received Phase 2: code=1 identifier=65 length=5
EAP-PEAP: Phase 2 Request: type=1
EAP: using real identity - hexdump_ascii(len=6):
     73 61 6e 6a 61 79                                 sanjay          
EAP-PEAP: Encrypting Phase 2 data - hexdump(len=11): 02 41 00 0b 01 73 61 6e 6a 61 79
OpenSSL: TX ver=0x303 content_type=256 (TLS header info/)
OpenSSL: Message - hexdump(len=5): 17 03 03 00 1f
SSL: 36 bytes left to be sent out (of total 36 bytes)
EAP: method process -> ignore=FALSE methodState=MAY_CONT decision=FAIL eapRespData=0x557743212940
EAP: EAP entering state SEND_RESPONSE
EAP: EAP entering state IDLE
EAPOL: SUPP_BE entering state RESPONSE
EAPOL: txSuppRsp
WPA: eapol_test_eapol_send(type=0 len=42)
TX EAP -> RADIUS - hexdump(len=42): 02 41 00 2a 19 00 17 03 03 00 1f 6e d8 d3 a7 3c e3 b3 36 c8 e6 6a f0 6c a5 27 39 b0 2a c8 8f 53 64 1b fe a3 b1 f7 03 3b b2 9e
Encapsulating EAP message into a RADIUS packet
  Copied RADIUS State Attribute
Sending RADIUS message to authentication server
RADIUS message: code=1 (Access-Request) identifier=6 length=178
   Attribute 1 (User-Name) length=8
      Value: 'sanjay'
   Attribute 4 (NAS-IP-Address) length=6
      Value: 127.0.0.1
   Attribute 31 (Calling-Station-Id) length=19
      Value: '02-00-00-00-00-01'
   Attribute 12 (Framed-MTU) length=6
      Value: 1400
   Attribute 61 (NAS-Port-Type) length=6
      Value: 19
   Attribute 6 (Service-Type) length=6
      Value: 2
   Attribute 77 (Connect-Info) length=24
      Value: 'CONNECT 11Mbps 802.11b'
   Attribute 30 (Called-Station-Id) length=3
      Value: '\x00'
   Attribute 79 (EAP-Message) length=44
      Value: 0241002a1900170303001f6ed8d3a73ce3b336c8e66af06ca52739b02ac88f53641bfea3b1f7033bb29e
   Attribute 24 (State) length=18
      Value: de6de34ddb2cfa143c08f4a9f5210991
   Attribute 80 (Message-Authenticator) length=18
      Value: 73ede7eba4726de0279874f3759974c7
Next RADIUS client retransmit in 3 seconds
EAPOL: SUPP_BE entering state RECEIVE
Received 132 bytes from RADIUS server
Received RADIUS message
RADIUS message: code=11 (Access-Challenge) identifier=6 length=132
   Attribute 79 (EAP-Message) length=76
      Value: 0142004a1900170303003f55329fca50fee746fb3fbdf09ba499e96a612afec78c3d344b72056ed6586ab0e7bf0bb3540597e68f817eff0003a0bead33fe36f226fc4c0b18a9583f72ac
   Attribute 80 (Message-Authenticator) length=18
      Value: d86da4b27c4b32bff267ffc6f9ecbe38
   Attribute 24 (State) length=18
      Value: de6de34dd82ffa143c08f4a9f5210991
STA 02:00:00:00:00:01: Received RADIUS packet matched with a pending request, round trip time 0.00 sec

RADIUS packet matching with station
decapsulated EAP packet (code=1 id=66 len=74) from RADIUS server: EAP-Request-PEAP (25)
EAPOL: Received EAP-Packet frame
EAPOL: SUPP_BE entering state REQUEST
EAPOL: getSuppRsp
EAP: EAP entering state RECEIVED
EAP: Received EAP-Request id=66 method=25 vendor=0 vendorMethod=0
EAP: EAP entering state METHOD
SSL: Received packet(len=74) - Flags 0x00
EAP-PEAP: received 68 bytes encrypted data for Phase 2
OpenSSL: RX ver=0x303 content_type=256 (TLS header info/)
OpenSSL: Message - hexdump(len=5): 17 03 03 00 3f
EAP-PEAP: Decrypted Phase 2 EAP - hexdump(len=39): 1a 01 42 00 26 10 7a 14 6f e2 19 30 01 63 8b 42 83 0d 7d 62 25 bd 66 72 65 65 72 61 64 69 75 73 2d 33 2e 30 2e 32 36
EAP-PEAP: received Phase 2: code=1 identifier=66 length=43
EAP-PEAP: Phase 2 Request: type=26
EAP-PEAP: Selected Phase 2 EAP vendor 0 method 26
EAP-MSCHAPV2: RX identifier 66 mschapv2_id 66
EAP-MSCHAPV2: Received challenge
EAP-MSCHAPV2: Authentication Servername - hexdump_ascii(len=17):
     66 72 65 65 72 61 64 69 75 73 2d 33 2e 30 2e 32   freeradius-3.0.2
     36                                                6               
EAP-MSCHAPV2: Generating Challenge Response
Get randomness: len=16 entropy=0
random from os_get_random - hexdump(len=16): 9b 39 51 21 ad f1 90 f5 be 9b e6 75 dc 42 e0 62
random_mix_pool - hexdump(len=20): 0d b9 b1 bf 70 7c bd fa 8b 8c 0a 46 d8 96 87 a4 8e 89 0d 7d
random from internal pool - hexdump(len=16): 52 c7 66 0a bf 85 ed d3 d8 c1 5b 8c 5d 36 f0 8e
mixed random - hexdump(len=16): c9 fe 37 2b 12 74 7d 26 66 5a bd f9 81 74 10 ec
MSCHAPV2: Identity - hexdump_ascii(len=6):
     73 61 6e 6a 61 79                                 sanjay          
MSCHAPV2: Username - hexdump_ascii(len=6):
     73 61 6e 6a 61 79                                 sanjay          
MSCHAPV2: auth_challenge - hexdump(len=16): 7a 14 6f e2 19 30 01 63 8b 42 83 0d 7d 62 25 bd
MSCHAPV2: peer_challenge - hexdump(len=16): c9 fe 37 2b 12 74 7d 26 66 5a bd f9 81 74 10 ec
MSCHAPV2: username - hexdump_ascii(len=6):
     73 61 6e 6a 61 79                                 sanjay          
MSCHAPV2: password - hexdump_ascii(len=7):
     74 65 73 74 69 6e 67                              testing         
MSCHAPV2: NT Response - hexdump(len=24): 0b f5 3f b0 f3 f4 bc 13 df df 02 f6 49 77 a8 f6 68 9c 4d 60 9e 71 e2 de
MSCHAPV2: Auth Response - hexdump(len=20): 0d 6f 5b b6 75 24 67 cd c4 f2 ae dd 21 9f 56 ff 3d 0f bd 0c
MSCHAPV2: Master Key - hexdump(len=16): 41 00 3e 43 78 06 32 94 87 38 f1 67 6f bf e8 c6
EAP-MSCHAPV2: TX identifier 66 mschapv2_id 66 (response)
EAP-PEAP: Encrypting Phase 2 data - hexdump(len=65): 02 42 00 41 1a 02 42 00 3c 31 c9 fe 37 2b 12 74 7d 26 66 5a bd f9 81 74 10 ec 00 00 00 00 00 00 00 00 0b f5 3f b0 f3 f4 bc 13 df df 02 f6 49 77 a8 f6 68 9c 4d 60 9e 71 e2 de 00 73 61 6e 6a 61 79
OpenSSL: TX ver=0x303 content_type=256 (TLS header info/)
OpenSSL: Message - hexdump(len=5): 17 03 03 00 55
SSL: 90 bytes left to be sent out (of total 90 bytes)
EAP: method process -> ignore=FALSE methodState=MAY_CONT decision=FAIL eapRespData=0x5577431e5d30
EAP: EAP entering state SEND_RESPONSE
EAP: EAP entering state IDLE
EAPOL: SUPP_BE entering state RESPONSE
EAPOL: txSuppRsp
WPA: eapol_test_eapol_send(type=0 len=96)
TX EAP -> RADIUS - hexdump(len=96): 02 42 00 60 19 00 17 03 03 00 55 6e d8 d3 a7 3c e3 b3 37 22 b7 8d ca 67 b8 54 7a 74 ca 08 c9 1d ed f8 7d 2e 98 f2 9a 6f 7b 88 c3 f1 9d 0b 46 96 9e 9e 24 82 d1 a0 02 f5 c2 27 f5 af 93 77 e9 aa c2 4b 5e 54 4c 9a 5a 8e 19 ab b4 46 21 22 43 16 73 08 a7 b5 7a 4d d6 eb 98 4b 37 0d 72 b2 c5 fc
Encapsulating EAP message into a RADIUS packet
  Copied RADIUS State Attribute
Sending RADIUS message to authentication server
RADIUS message: code=1 (Access-Request) identifier=7 length=232
   Attribute 1 (User-Name) length=8
      Value: 'sanjay'
   Attribute 4 (NAS-IP-Address) length=6
      Value: 127.0.0.1
   Attribute 31 (Calling-Station-Id) length=19
      Value: '02-00-00-00-00-01'
   Attribute 12 (Framed-MTU) length=6
      Value: 1400
   Attribute 61 (NAS-Port-Type) length=6
      Value: 19
   Attribute 6 (Service-Type) length=6
      Value: 2
   Attribute 77 (Connect-Info) length=24
      Value: 'CONNECT 11Mbps 802.11b'
   Attribute 30 (Called-Station-Id) length=3
      Value: '\x00'
   Attribute 79 (EAP-Message) length=98
      Value: 02420060190017030300556ed8d3a73ce3b33722b78dca67b8547a74ca08c91dedf87d2e98f29a6f7b88c3f19d0b46969e9e2482d1a002f5c227f5af9377e9aac24b5e544c9a5a8e19abb446212243167308a7b57a4dd6eb984b370d72b2c5fc
   Attribute 24 (State) length=18
      Value: de6de34dd82ffa143c08f4a9f5210991
   Attribute 80 (Message-Authenticator) length=18
      Value: c147e43745eae6424517b24023e8cf94
Next RADIUS client retransmit in 3 seconds
EAPOL: SUPP_BE entering state RECEIVE
Received 140 bytes from RADIUS server
Received RADIUS message
RADIUS message: code=11 (Access-Challenge) identifier=7 length=140
   Attribute 79 (EAP-Message) length=84
      Value: 014300521900170303004755329fca50fee747e9a674a30bbabe8926d465baa1c6b1c449d322e37f32b47b9b5ca330628b8d95512b4cf989a7e7ab4d3bde93f5dff6b853c638adb0a7df0913e5906c5471ed
   Attribute 80 (Message-Authenticator) length=18
      Value: 48a18d6d7e876a4d9f1d10a388163f20
   Attribute 24 (State) length=18
      Value: de6de34dd92efa143c08f4a9f5210991
STA 02:00:00:00:00:01: Received RADIUS packet matched with a pending request, round trip time 0.00 sec

RADIUS packet matching with station
decapsulated EAP packet (code=1 id=67 len=82) from RADIUS server: EAP-Request-PEAP (25)
EAPOL: Received EAP-Packet frame
EAPOL: SUPP_BE entering state REQUEST
EAPOL: getSuppRsp
EAP: EAP entering state RECEIVED
EAP: Received EAP-Request id=67 method=25 vendor=0 vendorMethod=0
EAP: EAP entering state METHOD
SSL: Received packet(len=82) - Flags 0x00
EAP-PEAP: received 76 bytes encrypted data for Phase 2
OpenSSL: RX ver=0x303 content_type=256 (TLS header info/)
OpenSSL: Message - hexdump(len=5): 17 03 03 00 47
EAP-PEAP: Decrypted Phase 2 EAP - hexdump(len=47): 1a 03 42 00 2e 53 3d 30 44 36 46 35 42 42 36 37 35 32 34 36 37 43 44 43 34 46 32 41 45 44 44 32 31 39 46 35 36 46 46 33 44 30 46 42 44 30 43
EAP-PEAP: received Phase 2: code=1 identifier=67 length=51
EAP-PEAP: Phase 2 Request: type=26
EAP-MSCHAPV2: RX identifier 67 mschapv2_id 66
EAP-MSCHAPV2: Received success
EAP-MSCHAPV2: Success message - hexdump_ascii(len=0):
EAP-MSCHAPV2: Authentication succeeded
EAP-PEAP: Encrypting Phase 2 data - hexdump(len=6): 02 43 00 06 1a 03
OpenSSL: TX ver=0x303 content_type=256 (TLS header info/)
OpenSSL: Message - hexdump(len=5): 17 03 03 00 1a
SSL: 31 bytes left to be sent out (of total 31 bytes)
EAP: method process -> ignore=FALSE methodState=MAY_CONT decision=FAIL eapRespData=0x5577432106d0
EAP: Session-Id - hexdump(len=65): 19 2e 0e 37 1a d5 3d fd 57 45 4f 0e c0 04 dc 92 05 21 2b 77 c4 6d 5f 70 70 51 b4 4d f7 5d fa 68 a3 50 e2 1d 36 6a 75 a7 3a 49 22 ef ed eb 04 fe 19 ea 3b c5 0d 1c b7 6e fd f1 b7 45 6a d5 c2 30 3f
EAP: EAP entering state SEND_RESPONSE
EAP: EAP entering state IDLE
EAPOL: SUPP_BE entering state RESPONSE
EAPOL: txSuppRsp
WPA: eapol_test_eapol_send(type=0 len=37)
TX EAP -> RADIUS - hexdump(len=37): 02 43 00 25 19 00 17 03 03 00 1a 6e d8 d3 a7 3c e3 b3 38 a2 74 33 43 8f 79 ec 30 66 23 b8 b8 9b 19 5b 7c 15 f6
Encapsulating EAP message into a RADIUS packet
  Copied RADIUS State Attribute
Sending RADIUS message to authentication server
RADIUS message: code=1 (Access-Request) identifier=8 length=173
   Attribute 1 (User-Name) length=8
      Value: 'sanjay'
   Attribute 4 (NAS-IP-Address) length=6
      Value: 127.0.0.1
   Attribute 31 (Calling-Station-Id) length=19
      Value: '02-00-00-00-00-01'
   Attribute 12 (Framed-MTU) length=6
      Value: 1400
   Attribute 61 (NAS-Port-Type) length=6
      Value: 19
   Attribute 6 (Service-Type) length=6
      Value: 2
   Attribute 77 (Connect-Info) length=24
      Value: 'CONNECT 11Mbps 802.11b'
   Attribute 30 (Called-Station-Id) length=3
      Value: '\x00'
   Attribute 79 (EAP-Message) length=39
      Value: 024300251900170303001a6ed8d3a73ce3b338a27433438f79ec306623b8b89b195b7c15f6
   Attribute 24 (State) length=18
      Value: de6de34dd92efa143c08f4a9f5210991
   Attribute 80 (Message-Authenticator) length=18
      Value: b94bc69cf2170dd62d3fc91eb24ba202
Next RADIUS client retransmit in 3 seconds
EAPOL: SUPP_BE entering state RECEIVE
Received 104 bytes from RADIUS server
Received RADIUS message
RADIUS message: code=11 (Access-Challenge) identifier=8 length=104
   Attribute 79 (EAP-Message) length=48
      Value: 0144002e1900170303002355329fca50fee7482628a47c82f751e9bbe798787aaa40562097e87ad63a62d4a4582c
   Attribute 80 (Message-Authenticator) length=18
      Value: 694203c4beff11384c159a64b99fc4e0
   Attribute 24 (State) length=18
      Value: de6de34dd629fa143c08f4a9f5210991
STA 02:00:00:00:00:01: Received RADIUS packet matched with a pending request, round trip time 0.00 sec

RADIUS packet matching with station
decapsulated EAP packet (code=1 id=68 len=46) from RADIUS server: EAP-Request-PEAP (25)
EAPOL: Received EAP-Packet frame
EAPOL: SUPP_BE entering state REQUEST
EAPOL: getSuppRsp
EAP: EAP entering state RECEIVED
EAP: Received EAP-Request id=68 method=25 vendor=0 vendorMethod=0
EAP: EAP entering state METHOD
SSL: Received packet(len=46) - Flags 0x00
EAP-PEAP: received 40 bytes encrypted data for Phase 2
OpenSSL: RX ver=0x303 content_type=256 (TLS header info/)
OpenSSL: Message - hexdump(len=5): 17 03 03 00 23
EAP-PEAP: Decrypted Phase 2 EAP - hexdump(len=11): 01 44 00 0b 21 80 03 00 02 00 01
EAP-PEAP: received Phase 2: code=1 identifier=68 length=11
EAP-PEAP: Phase 2 Request: type=33
EAP-TLV: Received TLVs - hexdump(len=6): 80 03 00 02 00 01
EAP-TLV: Result TLV - hexdump(len=2): 00 01
EAP-TLV: TLV Result - Success - EAP-TLV/Phase2 Completed
EAP-PEAP: Encrypting Phase 2 data - hexdump(len=11): 02 44 00 0b 21 80 03 00 02 00 01
OpenSSL: TX ver=0x303 content_type=256 (TLS header info/)
OpenSSL: Message - hexdump(len=5): 17 03 03 00 23
SSL: 40 bytes left to be sent out (of total 40 bytes)
EAP: method process -> ignore=FALSE methodState=DONE decision=UNCOND_SUCC eapRespData=0x5577431e5fb0
EAP: Session-Id - hexdump(len=65): 19 2e 0e 37 1a d5 3d fd 57 45 4f 0e c0 04 dc 92 05 21 2b 77 c4 6d 5f 70 70 51 b4 4d f7 5d fa 68 a3 50 e2 1d 36 6a 75 a7 3a 49 22 ef ed eb 04 fe 19 ea 3b c5 0d 1c b7 6e fd f1 b7 45 6a d5 c2 30 3f
EAP: EAP entering state SEND_RESPONSE
EAP: EAP entering state IDLE
EAPOL: SUPP_BE entering state RESPONSE
EAPOL: txSuppRsp
WPA: eapol_test_eapol_send(type=0 len=46)
TX EAP -> RADIUS - hexdump(len=46): 02 44 00 2e 19 00 17 03 03 00 23 6e d8 d3 a7 3c e3 b3 39 33 2a 07 55 79 e5 9d 5c 28 cc e6 e3 cb f3 31 55 dc d2 f9 58 d5 da b2 81 91 d0 20
Encapsulating EAP message into a RADIUS packet
  Copied RADIUS State Attribute
Sending RADIUS message to authentication server
RADIUS message: code=1 (Access-Request) identifier=9 length=182
   Attribute 1 (User-Name) length=8
      Value: 'sanjay'
   Attribute 4 (NAS-IP-Address) length=6
      Value: 127.0.0.1
   Attribute 31 (Calling-Station-Id) length=19
      Value: '02-00-00-00-00-01'
   Attribute 12 (Framed-MTU) length=6
      Value: 1400
   Attribute 61 (NAS-Port-Type) length=6
      Value: 19
   Attribute 6 (Service-Type) length=6
      Value: 2
   Attribute 77 (Connect-Info) length=24
      Value: 'CONNECT 11Mbps 802.11b'
   Attribute 30 (Called-Station-Id) length=3
      Value: '\x00'
   Attribute 79 (EAP-Message) length=48
      Value: 0244002e190017030300236ed8d3a73ce3b339332a075579e59d5c28cce6e3cbf33155dcd2f958d5dab28191d020
   Attribute 24 (State) length=18
      Value: de6de34dd629fa143c08f4a9f5210991
   Attribute 80 (Message-Authenticator) length=18
      Value: 2246b86f9816dae9035174f3a7b159c5
Next RADIUS client retransmit in 3 seconds
EAPOL: SUPP_BE entering state RECEIVE
Received 174 bytes from RADIUS server
Received RADIUS message
RADIUS message: code=2 (Access-Accept) identifier=9 length=174
   Attribute 26 (Vendor-Specific) length=58
      Value: 000001371134a35ee101bf9f91f617117cf4280c7a19ed8cca6592dd13b699188e57ff7648fe25efab79cd085933275e3657679571a9d220
   Attribute 26 (Vendor-Specific) length=58
      Value: 000001371034a8ccd708b81e6e4dfe449c4582a1bc94ccb9f5094da03861393d4bce005af0ba485b3548a0aca4d129dd9d9d581a86bceb09
   Attribute 79 (EAP-Message) length=6
      Value: 03440004
   Attribute 80 (Message-Authenticator) length=18
      Value: 6b399b2b278ed6c13d92153743d0432a
   Attribute 1 (User-Name) length=8
      Value: 'sanjay'
   Attribute 12 (Framed-MTU) length=6
      Value: 994
STA 02:00:00:00:00:01: Received RADIUS packet matched with a pending request, round trip time 0.00 sec

RADIUS packet matching with station
MS-MPPE-Send-Key (sign) - hexdump(len=32): 41 b7 97 09 33 fc 43 88 3e f6 71 4e 32 7c bc fb 6a e8 54 45 1e 41 16 5f 55 cf 67 65 9a 95 a5 1f
MS-MPPE-Recv-Key (crypt) - hexdump(len=32): 52 44 ab 7d bb 55 79 42 29 7e 57 0d d0 d9 44 cf 73 d3 57 79 0b 4d ec 88 ee c0 ff 68 d1 aa 39 43
decapsulated EAP packet (code=3 id=68 len=4) from RADIUS server: EAP Success
EAPOL: Received EAP-Packet frame
EAPOL: SUPP_BE entering state REQUEST
EAPOL: getSuppRsp
EAP: EAP entering state RECEIVED
EAP: Received EAP-Success
EAP: Status notification: completion (param=success)
EAP: EAP entering state SUCCESS
CTRL-EVENT-EAP-SUCCESS EAP authentication completed successfully
EAPOL: IEEE 802.1X for plaintext connection; no EAPOL-Key frames required
WPA: EAPOL processing complete
Cancelling authentication timeout
State: DISCONNECTED -> COMPLETED
EAPOL: SUPP_PAE entering state AUTHENTICATED
EAPOL: SUPP_BE entering state RECEIVE
EAPOL: SUPP_BE entering state SUCCESS
EAPOL: SUPP_BE entering state IDLE
eapol_sm_cb: result=1
EAPOL: Successfully fetched key (len=32)
PMK from EAPOL - hexdump(len=32): 52 44 ab 7d bb 55 79 42 29 7e 57 0d d0 d9 44 cf 73 d3 57 79 0b 4d ec 88 ee c0 ff 68 d1 aa 39 43
No EAP-Key-Name received from server
Writing configuration file 'wpa_supplicant.conf.tmp'
Configuration file 'wpa_supplicant.conf' written successfully
WPA: Clear old PMK and PTK
EAP: deinitialize previously used EAP method (25, PEAP) at EAP deinit
ENGINE: engine deinit
MPPE keys OK: 1  mismatch: 0
SUCCESS
